c:\users\владелец\documents\visual studio 2015\projects\ftploader\release\ftploader.bsc
c:\users\владелец\documents\visual studio 2015\projects\ftploader\release\vc140.pdb
c:\users\владелец\documents\visual studio 2015\projects\ftploader\release\main.sbr
c:\users\владелец\documents\visual studio 2015\projects\ftploader\release\main.obj
c:\users\владелец\documents\visual studio 2015\projects\ftploader\release\ftploader.exe
c:\users\владелец\documents\visual studio 2015\projects\ftploader\release\ftploader.ipdb
c:\users\владелец\documents\visual studio 2015\projects\ftploader\release\ftploader.iobj
c:\users\владелец\documents\visual studio 2015\projects\ftploader\release\ftploader.pdb
c:\users\владелец\documents\visual studio 2015\projects\ftploader\release\uppdater.ipdb
c:\users\владелец\documents\visual studio 2015\projects\ftploader\release\uppdater.iobj
c:\users\владелец\documents\visual studio 2015\projects\ftploader\release\uppdater.pdb
c:\users\владелец\documents\visual studio 2015\projects\ftploader\release\uppdater.bsc
c:\users\владелец\documents\visual studio 2015\projects\ftploader\release\ftploader.tlog\bscmake.command.1.tlog
c:\users\владелец\documents\visual studio 2015\projects\ftploader\release\ftploader.tlog\bscmake.read.1.tlog
c:\users\владелец\documents\visual studio 2015\projects\ftploader\release\ftploader.tlog\bscmake.write.1.tlog
c:\users\владелец\documents\visual studio 2015\projects\ftploader\release\ftploader.tlog\cl.command.1.tlog
c:\users\владелец\documents\visual studio 2015\projects\ftploader\release\ftploader.tlog\cl.read.1.tlog
c:\users\владелец\documents\visual studio 2015\projects\ftploader\release\ftploader.tlog\cl.write.1.tlog
c:\users\владелец\documents\visual studio 2015\projects\ftploader\release\ftploader.tlog\link.command.1.tlog
c:\users\владелец\documents\visual studio 2015\projects\ftploader\release\ftploader.tlog\link.read.1.tlog
c:\users\владелец\documents\visual studio 2015\projects\ftploader\release\ftploader.tlog\link.write.1.tlog
